{
  "0 debug pnpm:scope": {
    "selected": 1
  },
  "1 error pnpm": {
    "errno": 1,
    "code": "ELIFECYCLE",
    "pkgid": "collapp-build-server@1.0.0",
    "stage": "prisma-pull",
    "script": "git subtree pull --prefix=prisma https://github.com/collapp-zpi/prisma main",
    "pkgname": "collapp-build-server",
    "err": {
      "name": "pnpm",
      "message": "collapp-build-server@1.0.0 prisma-pull: `git subtree pull --prefix=prisma https://github.com/collapp-zpi/prisma main`\nExit status 1",
      "code": "ELIFECYCLE",
      "stack": "pnpm: collapp-build-server@1.0.0 prisma-pull: `git subtree pull --prefix=prisma https://github.com/collapp-zpi/prisma main`\nExit status 1\n    at EventEmitter.<anonymous> (C:\\Users\\jakub\\AppData\\Roaming\\npm\\node_modules\\pnpm\\dist\\pnpm.cjs:104836:20)\n    at EventEmitter.emit (events.js:315:20)\n    at ChildProcess.<anonymous> (C:\\Users\\jakub\\AppData\\Roaming\\npm\\node_modules\\pnpm\\dist\\pnpm.cjs:92825:18)\n    at ChildProcess.emit (events.js:315:20)\n    at maybeClose (internal/child_process.js:1048:16)\n    at Process.ChildProcess._handle.onexit (internal/child_process.js:288:5)"
    }
  },
  "2 warn pnpm:global": " Local package.json exists, but node_modules missing, did you mean to install?"
}